Using pre-set license
Built from '2020.3/staging' branch; Version is '2020.3.16f1 (049d6eca3c44) revision 302446'; Using compiler version '192528614'; Build Type 'Release'
OS: 'Windows 10 Enterprise; OS build 19042.1165; Version 2009; 64bit' Language: 'en' Physical Memory: 32669 MB
BatchMode: 1, IsHumanControllingUs: 0, StartBugReporterOnCrash: 0, Is64bit: 1, IsPro: 0

 COMMAND LINE ARGUMENTS:
D:\Program Files\Unity\2020.3.16f1\Editor\Unity.exe
-adb2
-batchMode
-noUpm
-name
AssetImportWorker0
-projectPath
D:/Students/Adam Tang/Git-Hub/UnityAI/Unity-AI
-logFile
Logs/AssetImportWorker0.log
-srvPort
50022
Successfully changed project path to: D:/Students/Adam Tang/Git-Hub/UnityAI/Unity-AI
D:/Students/Adam Tang/Git-Hub/UnityAI/Unity-AI
Using Asset Import Pipeline V2.
Refreshing native plugins compatible for Editor in 42.30 ms, found 2 plugins.
Preloading 0 native plugins for Editor in 0.00 ms.
Initialize engine version: 2020.3.16f1 (049d6eca3c44)
[Subsystems] Discovering subsystems at path D:/Program Files/Unity/2020.3.16f1/Editor/Data/Resources/UnitySubsystems
[Subsystems] Discovering subsystems at path D:/Students/Adam Tang/Git-Hub/UnityAI/Unity-AI/Assets
GfxDevice: creating device client; threaded=0
Direct3D:
    Version:  Direct3D 11.0 [level 11.1]
    Renderer: NVIDIA GeForce GTX 1080 (ID=0x1b80)
    Vendor:   
    VRAM:     8079 MB
    Driver:   30.0.14.7168
Initialize mono
Mono path[0] = 'D:/Program Files/Unity/2020.3.16f1/Editor/Data/Managed'
Mono path[1] = 'D:/Program Files/Unity/2020.3.16f1/Editor/Data/MonoBleedingEdge/lib/mono/unityjit'
Mono config path = 'D:/Program Files/Unity/2020.3.16f1/Editor/Data/MonoBleedingEdge/etc'
Using monoOptions --debugger-agent=transport=dt_socket,embedding=1,server=y,suspend=n,address=127.0.0.1:56356
Begin MonoManager ReloadAssembly
Registering precompiled unity dll's ...
Register platform support module: D:/Program Files/Unity/2020.3.16f1/Editor/Data/PlaybackEngines/WebGLSupport/UnityEditor.WebGL.Extensions.dll
Register platform support module: D:/Program Files/Unity/2020.3.16f1/Editor/Data/PlaybackEngines/WindowsStandaloneSupport/UnityEditor.WindowsStandalone.Extensions.dll
Registered in 0.001287 seconds.
Native extension for WindowsStandalone target not found
Native extension for WebGL target not found
Refreshing native plugins compatible for Editor in 42.96 ms, found 2 plugins.
Preloading 0 native plugins for Editor in 0.00 ms.
Mono: successfully reloaded assembly
- Completed reload, in  1.043 seconds
Domain Reload Profiling:
	ReloadAssembly (1043ms)
		BeginReloadAssembly (50ms)
			ExecutionOrderSort (0ms)
			DisableScriptedObjects (0ms)
			BackupInstance (0ms)
			ReleaseScriptingObjects (0ms)
			CreateAndSetChildDomain (1ms)
		EndReloadAssembly (473ms)
			LoadAssemblies (49ms)
			RebuildTransferFunctionScriptingTraits (0ms)
			SetupTypeCache (171ms)
			ReleaseScriptCaches (0ms)
			RebuildScriptCaches (29ms)
			SetupLoadedEditorAssemblies (194ms)
				LogAssemblyErrors (0ms)
				InitializePlatformSupportModulesInManaged (5ms)
				SetLoadedEditorAssemblies (0ms)
				RefreshPlugins (43ms)
				BeforeProcessingInitializeOnLoad (17ms)
				ProcessInitializeOnLoadAttributes (97ms)
				ProcessInitializeOnLoadMethodAttributes (31ms)
				AfterProcessingInitializeOnLoad (0ms)
				EditorAssembliesLoaded (0ms)
			ExecutionOrderSort2 (0ms)
			AwakeInstancesAfterBackupRestoration (0ms)
Platform modules already initialized, skipping
Registering precompiled user dll's ...
Registered in 0.003275 seconds.
Begin MonoManager ReloadAssembly
Native extension for WindowsStandalone target not found
Native extension for WebGL target not found
Refreshing native plugins compatible for Editor in 33.09 ms, found 2 plugins.
Preloading 0 native plugins for Editor in 0.00 ms.
Mono: successfully reloaded assembly
- Completed reload, in  1.175 seconds
Domain Reload Profiling:
	ReloadAssembly (1175ms)
		BeginReloadAssembly (199ms)
			ExecutionOrderSort (0ms)
			DisableScriptedObjects (4ms)
			BackupInstance (0ms)
			ReleaseScriptingObjects (0ms)
			CreateAndSetChildDomain (24ms)
		EndReloadAssembly (914ms)
			LoadAssemblies (100ms)
			RebuildTransferFunctionScriptingTraits (0ms)
			SetupTypeCache (271ms)
			ReleaseScriptCaches (0ms)
			RebuildScriptCaches (43ms)
			SetupLoadedEditorAssemblies (395ms)
				LogAssemblyErrors (0ms)
				InitializePlatformSupportModulesInManaged (3ms)
				SetLoadedEditorAssemblies (0ms)
				RefreshPlugins (33ms)
				BeforeProcessingInitializeOnLoad (60ms)
				ProcessInitializeOnLoadAttributes (292ms)
				ProcessInitializeOnLoadMethodAttributes (3ms)
				AfterProcessingInitializeOnLoad (2ms)
				EditorAssembliesLoaded (0ms)
			ExecutionOrderSort2 (0ms)
			AwakeInstancesAfterBackupRestoration (5ms)
Platform modules already initialized, skipping
========================================================================
Worker process is ready to serve import requests
Launched and connected shader compiler UnityShaderCompiler.exe after 0.05 seconds
Refreshing native plugins compatible for Editor in 0.38 ms, found 2 plugins.
Preloading 0 native plugins for Editor in 0.00 ms.
Unloading 1866 Unused Serialized files (Serialized files now loaded: 0)
System memory in use before: 83.4 MB.
System memory in use after: 83.5 MB.

Unloading 21 unused Assets to reduce memory usage. Loaded Objects now: 2302.
Total: 2.690500 ms (FindLiveObjects: 0.136400 ms CreateObjectMapping: 0.049300 ms MarkObjects: 2.402300 ms  DeleteObjects: 0.101800 ms)

AssetImportParameters requested are different than current active one (requested -> active):
  custom:framework-win-MediaFoundation: 216162199b28c13a410421893ffa2e32 -> 
  custom:video-decoder-ogg-theora: a1e56fd34408186e4bbccfd4996cb3dc -> 
  custom:container-muxer-webm: aa71ff27fc2769a1b78a27578f13a17b -> 
  custom:container-demuxer-webm: 4f35f7cbe854078d1ac9338744f61a02 -> 
  custom:container-demuxer-ogg: 62fdf1f143b41e24485cea50d1cbac27 -> 
  custom:video-encoder-webm-vp8: eb34c28f22e8b96e1ab97ce403110664 -> 
  custom:video-decoder-webm-vp8: 9c59270c3fd7afecdb556c50c9e8de78 -> 
  custom:audio-decoder-ogg-vorbis: bf7c407c2cedff20999df2af8eb42d56 -> 
  custom:audio-encoder-webm-vorbis: bf7c407c2cedff20999df2af8eb42d56 -> 
========================================================================
Received Import Request.
  path: Assets/Scripts/iFSMState.cs
  artifactKey: Guid(0e2c689b820f29e498c5ee4ca2f084b7) Importer(815301076,1909f56bfc062723c751e8b465ee728b)
Start importing Assets/Scripts/iFSMState.cs using Guid(0e2c689b820f29e498c5ee4ca2f084b7) Importer(815301076,1909f56bfc062723c751e8b465ee728b)  -> (artifact id: '642bf60d6d426e95cd68ef5a9776dfe9') in 0.033863 seconds 
  Import took 0.036364 seconds .

========================================================================
Received Import Request.
  Time since last request: 449.388253 seconds.
  path: Assets/Scripts/iFSMState.cs
  artifactKey: Guid(0e2c689b820f29e498c5ee4ca2f084b7) Importer(815301076,1909f56bfc062723c751e8b465ee728b)
Start importing Assets/Scripts/iFSMState.cs using Guid(0e2c689b820f29e498c5ee4ca2f084b7) Importer(815301076,1909f56bfc062723c751e8b465ee728b)  -> (artifact id: '970c8dbfea13d0452ba41b3ce8cd38a7') in 0.002478 seconds 
  Import took 0.005704 seconds .

========================================================================
Received Prepare
Registering precompiled user dll's ...
Registered in 0.002557 seconds.
Begin MonoManager ReloadAssembly
Native extension for WindowsStandalone target not found
Native extension for WebGL target not found
Refreshing native plugins compatible for Editor in 0.39 ms, found 2 plugins.
Preloading 0 native plugins for Editor in 0.00 ms.
Mono: successfully reloaded assembly
- Completed reload, in  1.025 seconds
Domain Reload Profiling:
	ReloadAssembly (1025ms)
		BeginReloadAssembly (117ms)
			ExecutionOrderSort (0ms)
			DisableScriptedObjects (5ms)
			BackupInstance (0ms)
			ReleaseScriptingObjects (0ms)
			CreateAndSetChildDomain (35ms)
		EndReloadAssembly (855ms)
			LoadAssemblies (87ms)
			RebuildTransferFunctionScriptingTraits (0ms)
			SetupTypeCache (269ms)
			ReleaseScriptCaches (1ms)
			RebuildScriptCaches (37ms)
			SetupLoadedEditorAssemblies (366ms)
				LogAssemblyErrors (0ms)
				InitializePlatformSupportModulesInManaged (4ms)
				SetLoadedEditorAssemblies (0ms)
				RefreshPlugins (0ms)
				BeforeProcessingInitializeOnLoad (61ms)
				ProcessInitializeOnLoadAttributes (291ms)
				ProcessInitializeOnLoadMethodAttributes (6ms)
				AfterProcessingInitializeOnLoad (2ms)
				EditorAssembliesLoaded (0ms)
			ExecutionOrderSort2 (0ms)
			AwakeInstancesAfterBackupRestoration (6ms)
Platform modules already initialized, skipping
Refreshing native plugins compatible for Editor in 0.37 ms, found 2 plugins.
Preloading 0 native plugins for Editor in 0.00 ms.
Unloading 1856 Unused Serialized files (Serialized files now loaded: 0)
System memory in use before: 83.1 MB.
System memory in use after: 83.2 MB.

Unloading 14 unused Assets to reduce memory usage. Loaded Objects now: 2304.
Total: 2.931700 ms (FindLiveObjects: 0.171800 ms CreateObjectMapping: 0.053900 ms MarkObjects: 2.684100 ms  DeleteObjects: 0.020600 ms)

AssetImportParameters requested are different than current active one (requested -> active):
  custom:framework-win-MediaFoundation: 216162199b28c13a410421893ffa2e32 -> 
  custom:video-decoder-ogg-theora: a1e56fd34408186e4bbccfd4996cb3dc -> 
  custom:container-muxer-webm: aa71ff27fc2769a1b78a27578f13a17b -> 
  custom:container-demuxer-webm: 4f35f7cbe854078d1ac9338744f61a02 -> 
  custom:container-demuxer-ogg: 62fdf1f143b41e24485cea50d1cbac27 -> 
  custom:video-encoder-webm-vp8: eb34c28f22e8b96e1ab97ce403110664 -> 
  custom:video-decoder-webm-vp8: 9c59270c3fd7afecdb556c50c9e8de78 -> 
  custom:audio-decoder-ogg-vorbis: bf7c407c2cedff20999df2af8eb42d56 -> 
  custom:audio-encoder-webm-vorbis: bf7c407c2cedff20999df2af8eb42d56 -> 
========================================================================
Received Prepare
Registering precompiled user dll's ...
Registered in 0.002634 seconds.
Begin MonoManager ReloadAssembly
Native extension for WindowsStandalone target not found
Native extension for WebGL target not found
Refreshing native plugins compatible for Editor in 0.36 ms, found 2 plugins.
Preloading 0 native plugins for Editor in 0.00 ms.
Mono: successfully reloaded assembly
- Completed reload, in  0.962 seconds
Domain Reload Profiling:
	ReloadAssembly (963ms)
		BeginReloadAssembly (113ms)
			ExecutionOrderSort (0ms)
			DisableScriptedObjects (4ms)
			BackupInstance (0ms)
			ReleaseScriptingObjects (0ms)
			CreateAndSetChildDomain (38ms)
		EndReloadAssembly (800ms)
			LoadAssemblies (78ms)
			RebuildTransferFunctionScriptingTraits (0ms)
			SetupTypeCache (252ms)
			ReleaseScriptCaches (1ms)
			RebuildScriptCaches (37ms)
			SetupLoadedEditorAssemblies (349ms)
				LogAssemblyErrors (0ms)
				InitializePlatformSupportModulesInManaged (4ms)
				SetLoadedEditorAssemblies (0ms)
				RefreshPlugins (0ms)
				BeforeProcessingInitializeOnLoad (57ms)
				ProcessInitializeOnLoadAttributes (279ms)
				ProcessInitializeOnLoadMethodAttributes (5ms)
				AfterProcessingInitializeOnLoad (2ms)
				EditorAssembliesLoaded (0ms)
			ExecutionOrderSort2 (0ms)
			AwakeInstancesAfterBackupRestoration (6ms)
Platform modules already initialized, skipping
Refreshing native plugins compatible for Editor in 0.38 ms, found 2 plugins.
Preloading 0 native plugins for Editor in 0.00 ms.
Unloading 1856 Unused Serialized files (Serialized files now loaded: 0)
System memory in use before: 83.1 MB.
System memory in use after: 83.2 MB.

Unloading 14 unused Assets to reduce memory usage. Loaded Objects now: 2306.
Total: 3.114300 ms (FindLiveObjects: 0.169300 ms CreateObjectMapping: 0.048100 ms MarkObjects: 2.852600 ms  DeleteObjects: 0.043300 ms)

AssetImportParameters requested are different than current active one (requested -> active):
  custom:framework-win-MediaFoundation: 216162199b28c13a410421893ffa2e32 -> 
  custom:video-decoder-ogg-theora: a1e56fd34408186e4bbccfd4996cb3dc -> 
  custom:container-muxer-webm: aa71ff27fc2769a1b78a27578f13a17b -> 
  custom:container-demuxer-webm: 4f35f7cbe854078d1ac9338744f61a02 -> 
  custom:container-demuxer-ogg: 62fdf1f143b41e24485cea50d1cbac27 -> 
  custom:video-encoder-webm-vp8: eb34c28f22e8b96e1ab97ce403110664 -> 
  custom:video-decoder-webm-vp8: 9c59270c3fd7afecdb556c50c9e8de78 -> 
  custom:audio-decoder-ogg-vorbis: bf7c407c2cedff20999df2af8eb42d56 -> 
  custom:audio-encoder-webm-vorbis: bf7c407c2cedff20999df2af8eb42d56 -> 
========================================================================
Received Import Request.
  Time since last request: 1066.098048 seconds.
  path: Assets/Scripts/PatrolState.cs
  artifactKey: Guid(0d6e1a77074710c4a9cde011105076ed) Importer(815301076,1909f56bfc062723c751e8b465ee728b)
Start importing Assets/Scripts/PatrolState.cs using Guid(0d6e1a77074710c4a9cde011105076ed) Importer(815301076,1909f56bfc062723c751e8b465ee728b)  -> (artifact id: '0051c2eeddb6dbfb3d29826e910126c9') in 0.013435 seconds 
  Import took 0.048571 seconds .

========================================================================
Received Prepare
Registering precompiled user dll's ...
Registered in 0.003564 seconds.
Begin MonoManager ReloadAssembly
Native extension for WindowsStandalone target not found
Native extension for WebGL target not found
Refreshing native plugins compatible for Editor in 0.37 ms, found 2 plugins.
Preloading 0 native plugins for Editor in 0.00 ms.
Mono: successfully reloaded assembly
- Completed reload, in  1.066 seconds
Domain Reload Profiling:
	ReloadAssembly (1066ms)
		BeginReloadAssembly (122ms)
			ExecutionOrderSort (0ms)
			DisableScriptedObjects (4ms)
			BackupInstance (0ms)
			ReleaseScriptingObjects (0ms)
			CreateAndSetChildDomain (40ms)
		EndReloadAssembly (881ms)
			LoadAssemblies (93ms)
			RebuildTransferFunctionScriptingTraits (0ms)
			SetupTypeCache (296ms)
			ReleaseScriptCaches (1ms)
			RebuildScriptCaches (36ms)
			SetupLoadedEditorAssemblies (356ms)
				LogAssemblyErrors (0ms)
				InitializePlatformSupportModulesInManaged (4ms)
				SetLoadedEditorAssemblies (0ms)
				RefreshPlugins (0ms)
				BeforeProcessingInitializeOnLoad (70ms)
				ProcessInitializeOnLoadAttributes (273ms)
				ProcessInitializeOnLoadMethodAttributes (6ms)
				AfterProcessingInitializeOnLoad (2ms)
				EditorAssembliesLoaded (0ms)
			ExecutionOrderSort2 (0ms)
			AwakeInstancesAfterBackupRestoration (6ms)
Platform modules already initialized, skipping
Refreshing native plugins compatible for Editor in 0.41 ms, found 2 plugins.
Preloading 0 native plugins for Editor in 0.00 ms.
Unloading 1857 Unused Serialized files (Serialized files now loaded: 0)
System memory in use before: 83.2 MB.
System memory in use after: 83.3 MB.

Unloading 14 unused Assets to reduce memory usage. Loaded Objects now: 2309.
Total: 3.128000 ms (FindLiveObjects: 0.169300 ms CreateObjectMapping: 0.048200 ms MarkObjects: 2.847300 ms  DeleteObjects: 0.062200 ms)

AssetImportParameters requested are different than current active one (requested -> active):
  custom:framework-win-MediaFoundation: 216162199b28c13a410421893ffa2e32 -> 
  custom:video-decoder-ogg-theora: a1e56fd34408186e4bbccfd4996cb3dc -> 
  custom:container-muxer-webm: aa71ff27fc2769a1b78a27578f13a17b -> 
  custom:container-demuxer-webm: 4f35f7cbe854078d1ac9338744f61a02 -> 
  custom:container-demuxer-ogg: 62fdf1f143b41e24485cea50d1cbac27 -> 
  custom:video-encoder-webm-vp8: eb34c28f22e8b96e1ab97ce403110664 -> 
  custom:video-decoder-webm-vp8: 9c59270c3fd7afecdb556c50c9e8de78 -> 
  custom:audio-decoder-ogg-vorbis: bf7c407c2cedff20999df2af8eb42d56 -> 
  custom:audio-encoder-webm-vorbis: bf7c407c2cedff20999df2af8eb42d56 -> 
========================================================================
Received Import Request.
  Time since last request: 37.257290 seconds.
  path: Assets/Scripts/PatrolState.cs
  artifactKey: Guid(0d6e1a77074710c4a9cde011105076ed) Importer(815301076,1909f56bfc062723c751e8b465ee728b)
Start importing Assets/Scripts/PatrolState.cs using Guid(0d6e1a77074710c4a9cde011105076ed) Importer(815301076,1909f56bfc062723c751e8b465ee728b)  -> (artifact id: 'e7c7a43b381d69e8286638dca3ac97a6') in 0.007349 seconds 
  Import took 0.010797 seconds .

========================================================================
Received Import Request.
  Time since last request: 0.002211 seconds.
  path: Assets/Scripts/PatrolState.cs
  artifactKey: Guid(0d6e1a77074710c4a9cde011105076ed) Importer(815301076,1909f56bfc062723c751e8b465ee728b)
Start importing Assets/Scripts/PatrolState.cs using Guid(0d6e1a77074710c4a9cde011105076ed) Importer(815301076,1909f56bfc062723c751e8b465ee728b)  -> (artifact id: 'e7c7a43b381d69e8286638dca3ac97a6') in 0.003338 seconds 
  Import took 0.006206 seconds .

========================================================================
Received Import Request.
  Time since last request: 42.931635 seconds.
  path: Assets/Scripts/PatrolState.cs
  artifactKey: Guid(0d6e1a77074710c4a9cde011105076ed) Importer(815301076,1909f56bfc062723c751e8b465ee728b)
Start importing Assets/Scripts/PatrolState.cs using Guid(0d6e1a77074710c4a9cde011105076ed) Importer(815301076,1909f56bfc062723c751e8b465ee728b)  -> (artifact id: '15f77f08a9d21231b77d4e765814f799') in 0.004701 seconds 
  Import took 0.024470 seconds .

========================================================================
Received Import Request.
  Time since last request: 10.700962 seconds.
  path: Assets/Scripts/PatrolState.cs
  artifactKey: Guid(0d6e1a77074710c4a9cde011105076ed) Importer(815301076,1909f56bfc062723c751e8b465ee728b)
Start importing Assets/Scripts/PatrolState.cs using Guid(0d6e1a77074710c4a9cde011105076ed) Importer(815301076,1909f56bfc062723c751e8b465ee728b)  -> (artifact id: '33f7ff8a1d282a29ea8ed949f8735dee') in 0.004995 seconds 
  Import took 0.017503 seconds .

========================================================================
Received Import Request.
  Time since last request: 0.000527 seconds.
  path: Assets/Scripts/PatrolState.cs
  artifactKey: Guid(0d6e1a77074710c4a9cde011105076ed) Importer(815301076,1909f56bfc062723c751e8b465ee728b)
Start importing Assets/Scripts/PatrolState.cs using Guid(0d6e1a77074710c4a9cde011105076ed) Importer(815301076,1909f56bfc062723c751e8b465ee728b)  -> (artifact id: '33f7ff8a1d282a29ea8ed949f8735dee') in 0.002535 seconds 
  Import took 0.006096 seconds .

========================================================================
Received Import Request.
  Time since last request: 100.402252 seconds.
  path: Assets/Scripts/PatrolState.cs
  artifactKey: Guid(0d6e1a77074710c4a9cde011105076ed) Importer(815301076,1909f56bfc062723c751e8b465ee728b)
Start importing Assets/Scripts/PatrolState.cs using Guid(0d6e1a77074710c4a9cde011105076ed) Importer(815301076,1909f56bfc062723c751e8b465ee728b)  -> (artifact id: '0f0dc73c4ebc12fbf568f9f8840feef5') in 0.003899 seconds 
  Import took 0.025032 seconds .

========================================================================
Received Import Request.
  Time since last request: 5.024788 seconds.
  path: Assets/Scripts/PatrolState.cs
  artifactKey: Guid(0d6e1a77074710c4a9cde011105076ed) Importer(815301076,1909f56bfc062723c751e8b465ee728b)
Start importing Assets/Scripts/PatrolState.cs using Guid(0d6e1a77074710c4a9cde011105076ed) Importer(815301076,1909f56bfc062723c751e8b465ee728b)  -> (artifact id: '7ada0b4be75fa2f1502049d99d3f9ef2') in 0.004295 seconds 
  Import took 0.006809 seconds .

========================================================================
Received Import Request.
  Time since last request: 43.308572 seconds.
  path: Assets/Scripts/PatrolState.cs
  artifactKey: Guid(0d6e1a77074710c4a9cde011105076ed) Importer(815301076,1909f56bfc062723c751e8b465ee728b)
Start importing Assets/Scripts/PatrolState.cs using Guid(0d6e1a77074710c4a9cde011105076ed) Importer(815301076,1909f56bfc062723c751e8b465ee728b)  -> (artifact id: '5d2dd1b8de695d8c4890abebe5aba71e') in 0.004742 seconds 
  Import took 0.008546 seconds .

========================================================================
Received Import Request.
  Time since last request: 5.935712 seconds.
  path: Assets/Scripts/PatrolState.cs
  artifactKey: Guid(0d6e1a77074710c4a9cde011105076ed) Importer(815301076,1909f56bfc062723c751e8b465ee728b)
Start importing Assets/Scripts/PatrolState.cs using Guid(0d6e1a77074710c4a9cde011105076ed) Importer(815301076,1909f56bfc062723c751e8b465ee728b)  -> (artifact id: '0f143a6c476b8f19cb1d673525aa52e0') in 0.004302 seconds 
  Import took 0.007542 seconds .

========================================================================
Received Import Request.
  Time since last request: 21.972867 seconds.
  path: Assets/Scripts/PatrolState.cs
  artifactKey: Guid(0d6e1a77074710c4a9cde011105076ed) Importer(815301076,1909f56bfc062723c751e8b465ee728b)
Start importing Assets/Scripts/PatrolState.cs using Guid(0d6e1a77074710c4a9cde011105076ed) Importer(815301076,1909f56bfc062723c751e8b465ee728b)  -> (artifact id: 'd7ec05dff3883b234cebe335add28be9') in 0.002612 seconds 
  Import took 0.005197 seconds .

========================================================================
Received Import Request.
  Time since last request: 32.062668 seconds.
  path: Assets/Scripts/PatrolState.cs
  artifactKey: Guid(0d6e1a77074710c4a9cde011105076ed) Importer(815301076,1909f56bfc062723c751e8b465ee728b)
Start importing Assets/Scripts/PatrolState.cs using Guid(0d6e1a77074710c4a9cde011105076ed) Importer(815301076,1909f56bfc062723c751e8b465ee728b)  -> (artifact id: 'c0b84b7c749a788d631e01c0bd23321c') in 0.004647 seconds 
  Import took 0.028192 seconds .

========================================================================
Received Import Request.
  Time since last request: 53.944440 seconds.
  path: Assets/Scripts/PatrolState.cs
  artifactKey: Guid(0d6e1a77074710c4a9cde011105076ed) Importer(815301076,1909f56bfc062723c751e8b465ee728b)
Start importing Assets/Scripts/PatrolState.cs using Guid(0d6e1a77074710c4a9cde011105076ed) Importer(815301076,1909f56bfc062723c751e8b465ee728b)  -> (artifact id: 'e2be8e5996f30300474c49baae13da74') in 0.003658 seconds 
  Import took 0.015683 seconds .

========================================================================
Received Import Request.
  Time since last request: 0.000687 seconds.
  path: Assets/Scripts/PatrolState.cs
  artifactKey: Guid(0d6e1a77074710c4a9cde011105076ed) Importer(815301076,1909f56bfc062723c751e8b465ee728b)
Start importing Assets/Scripts/PatrolState.cs using Guid(0d6e1a77074710c4a9cde011105076ed) Importer(815301076,1909f56bfc062723c751e8b465ee728b)  -> (artifact id: 'e2be8e5996f30300474c49baae13da74') in 0.002004 seconds 
  Import took 0.004805 seconds .

========================================================================
Received Import Request.
  Time since last request: 25.602083 seconds.
  path: Assets/Scripts/PatrolState.cs
  artifactKey: Guid(0d6e1a77074710c4a9cde011105076ed) Importer(815301076,1909f56bfc062723c751e8b465ee728b)
Start importing Assets/Scripts/PatrolState.cs using Guid(0d6e1a77074710c4a9cde011105076ed) Importer(815301076,1909f56bfc062723c751e8b465ee728b)  -> (artifact id: '4630088f74c509d1a37e765b818bfc85') in 0.004380 seconds 
  Import took 0.006965 seconds .

========================================================================
Received Import Request.
  Time since last request: 6.343701 seconds.
  path: Assets/Scripts/PatrolState.cs
  artifactKey: Guid(0d6e1a77074710c4a9cde011105076ed) Importer(815301076,1909f56bfc062723c751e8b465ee728b)
Start importing Assets/Scripts/PatrolState.cs using Guid(0d6e1a77074710c4a9cde011105076ed) Importer(815301076,1909f56bfc062723c751e8b465ee728b)  -> (artifact id: '8083f9e06bbecb9b155179f9e3e21ad8') in 0.004592 seconds 
  Import took 0.007332 seconds .

========================================================================
Received Import Request.
  Time since last request: 6.574918 seconds.
  path: Assets/Scripts/PatrolState.cs
  artifactKey: Guid(0d6e1a77074710c4a9cde011105076ed) Importer(815301076,1909f56bfc062723c751e8b465ee728b)
Start importing Assets/Scripts/PatrolState.cs using Guid(0d6e1a77074710c4a9cde011105076ed) Importer(815301076,1909f56bfc062723c751e8b465ee728b)  -> (artifact id: 'dc98b83d68fb266c153f0bb4e3e27d1f') in 0.002427 seconds 
  Import took 0.005558 seconds .

========================================================================
Received Import Request.
  Time since last request: 29.528580 seconds.
  path: Assets/Scripts/PatrolState.cs
  artifactKey: Guid(0d6e1a77074710c4a9cde011105076ed) Importer(815301076,1909f56bfc062723c751e8b465ee728b)
Start importing Assets/Scripts/PatrolState.cs using Guid(0d6e1a77074710c4a9cde011105076ed) Importer(815301076,1909f56bfc062723c751e8b465ee728b)  -> (artifact id: '61fc0c53fd2d9177483c0db782f0c299') in 0.004414 seconds 
  Import took 0.007144 seconds .

========================================================================
Received Import Request.
  Time since last request: 9.677262 seconds.
  path: Assets/Scripts/PatrolState.cs
  artifactKey: Guid(0d6e1a77074710c4a9cde011105076ed) Importer(815301076,1909f56bfc062723c751e8b465ee728b)
Start importing Assets/Scripts/PatrolState.cs using Guid(0d6e1a77074710c4a9cde011105076ed) Importer(815301076,1909f56bfc062723c751e8b465ee728b)  -> (artifact id: '28f27cd84ac1ee3b18c8dae03a456820') in 0.004238 seconds 
  Import took 0.032440 seconds .

========================================================================
Received Import Request.
  Time since last request: 31.467744 seconds.
  path: Assets/Scripts/PatrolState.cs
  artifactKey: Guid(0d6e1a77074710c4a9cde011105076ed) Importer(815301076,1909f56bfc062723c751e8b465ee728b)
Start importing Assets/Scripts/PatrolState.cs using Guid(0d6e1a77074710c4a9cde011105076ed) Importer(815301076,1909f56bfc062723c751e8b465ee728b)  -> (artifact id: '7477a95142617d1ddebc0e8368f8a512') in 0.004651 seconds 
  Import took 0.013349 seconds .

========================================================================
Received Import Request.
  Time since last request: 24.238303 seconds.
  path: Assets/Scripts/PatrolState.cs
  artifactKey: Guid(0d6e1a77074710c4a9cde011105076ed) Importer(815301076,1909f56bfc062723c751e8b465ee728b)
Start importing Assets/Scripts/PatrolState.cs using Guid(0d6e1a77074710c4a9cde011105076ed) Importer(815301076,1909f56bfc062723c751e8b465ee728b)  -> (artifact id: '6ce15c05b0124df54e14e55a3d858dd4') in 0.004673 seconds 
  Import took 0.007612 seconds .

========================================================================
Received Import Request.
  Time since last request: 9.279117 seconds.
  path: Assets/Scripts/PatrolState.cs
  artifactKey: Guid(0d6e1a77074710c4a9cde011105076ed) Importer(815301076,1909f56bfc062723c751e8b465ee728b)
Start importing Assets/Scripts/PatrolState.cs using Guid(0d6e1a77074710c4a9cde011105076ed) Importer(815301076,1909f56bfc062723c751e8b465ee728b)  -> (artifact id: 'f82076951b1089c236237a4e1ed751bc') in 0.004193 seconds 
  Import took 0.006925 seconds .

========================================================================
Received Import Request.
  Time since last request: 9.457184 seconds.
  path: Assets/Scripts/PatrolState.cs
  artifactKey: Guid(0d6e1a77074710c4a9cde011105076ed) Importer(815301076,1909f56bfc062723c751e8b465ee728b)
Start importing Assets/Scripts/PatrolState.cs using Guid(0d6e1a77074710c4a9cde011105076ed) Importer(815301076,1909f56bfc062723c751e8b465ee728b)  -> (artifact id: 'a9760ed45c1cc9edc97feeb2a85f0ad9') in 0.004068 seconds 
  Import took 0.006587 seconds .

========================================================================
Received Import Request.
  Time since last request: 123.019272 seconds.
  path: Assets/Scripts/PatrolState.cs
  artifactKey: Guid(0d6e1a77074710c4a9cde011105076ed) Importer(815301076,1909f56bfc062723c751e8b465ee728b)
Start importing Assets/Scripts/PatrolState.cs using Guid(0d6e1a77074710c4a9cde011105076ed) Importer(815301076,1909f56bfc062723c751e8b465ee728b)  -> (artifact id: '586200a69c73018e52c1ed3b01928518') in 0.003269 seconds 
  Import took 0.007094 seconds .

========================================================================
Received Import Request.
  Time since last request: 75.244432 seconds.
  path: Assets/Scripts/PatrolState.cs
  artifactKey: Guid(0d6e1a77074710c4a9cde011105076ed) Importer(815301076,1909f56bfc062723c751e8b465ee728b)
Start importing Assets/Scripts/PatrolState.cs using Guid(0d6e1a77074710c4a9cde011105076ed) Importer(815301076,1909f56bfc062723c751e8b465ee728b)  -> (artifact id: '03f92300154ba75aa3404702bc963915') in 0.004517 seconds 
  Import took 0.007193 seconds .

========================================================================
Received Import Request.
  Time since last request: 13.694758 seconds.
  path: Assets/Scripts/PatrolState.cs
  artifactKey: Guid(0d6e1a77074710c4a9cde011105076ed) Importer(815301076,1909f56bfc062723c751e8b465ee728b)
Start importing Assets/Scripts/PatrolState.cs using Guid(0d6e1a77074710c4a9cde011105076ed) Importer(815301076,1909f56bfc062723c751e8b465ee728b)  -> (artifact id: 'f12bf7e830d3ef3e4a4ffddd0956a5b7') in 0.004630 seconds 
  Import took 0.007927 seconds .

========================================================================
Received Import Request.
  Time since last request: 14.404623 seconds.
  path: Assets/Scripts/PatrolState.cs
  artifactKey: Guid(0d6e1a77074710c4a9cde011105076ed) Importer(815301076,1909f56bfc062723c751e8b465ee728b)
Start importing Assets/Scripts/PatrolState.cs using Guid(0d6e1a77074710c4a9cde011105076ed) Importer(815301076,1909f56bfc062723c751e8b465ee728b)  -> (artifact id: '58ba9cc68253d0001802b6f3cb5e7f4e') in 0.004521 seconds 
  Import took 0.008007 seconds .

========================================================================
Received Import Request.
  Time since last request: 6.176407 seconds.
  path: Assets/Scripts/PatrolState.cs
  artifactKey: Guid(0d6e1a77074710c4a9cde011105076ed) Importer(815301076,1909f56bfc062723c751e8b465ee728b)
Start importing Assets/Scripts/PatrolState.cs using Guid(0d6e1a77074710c4a9cde011105076ed) Importer(815301076,1909f56bfc062723c751e8b465ee728b)  -> (artifact id: 'c9e4f460401bc86cfe52e399152f0f4d') in 0.004228 seconds 
  Import took 0.006862 seconds .

========================================================================
Received Import Request.
  Time since last request: 24.996091 seconds.
  path: Assets/Scripts/PatrolState.cs
  artifactKey: Guid(0d6e1a77074710c4a9cde011105076ed) Importer(815301076,1909f56bfc062723c751e8b465ee728b)
Start importing Assets/Scripts/PatrolState.cs using Guid(0d6e1a77074710c4a9cde011105076ed) Importer(815301076,1909f56bfc062723c751e8b465ee728b)  -> (artifact id: 'a993166402edc9f12ad4a6f6c31d808e') in 0.004445 seconds 
  Import took 0.007268 seconds .

========================================================================
Received Import Request.
  Time since last request: 33.743511 seconds.
  path: Assets/Scripts/PatrolState.cs
  artifactKey: Guid(0d6e1a77074710c4a9cde011105076ed) Importer(815301076,1909f56bfc062723c751e8b465ee728b)
Start importing Assets/Scripts/PatrolState.cs using Guid(0d6e1a77074710c4a9cde011105076ed) Importer(815301076,1909f56bfc062723c751e8b465ee728b)  -> (artifact id: '64594f12b5b1f36ecf9c9c5f6929cc87') in 0.004296 seconds 
  Import took 0.007945 seconds .

========================================================================
Received Import Request.
  Time since last request: 5.323088 seconds.
  path: Assets/Scripts/PatrolState.cs
  artifactKey: Guid(0d6e1a77074710c4a9cde011105076ed) Importer(815301076,1909f56bfc062723c751e8b465ee728b)
Start importing Assets/Scripts/PatrolState.cs using Guid(0d6e1a77074710c4a9cde011105076ed) Importer(815301076,1909f56bfc062723c751e8b465ee728b)  -> (artifact id: 'e8c2a11f64a6164bbd575880197ecdc3') in 0.003282 seconds 
  Import took 0.049960 seconds .

========================================================================
Received Import Request.
  Time since last request: 34.869622 seconds.
  path: Assets/Scripts/PatrolState.cs
  artifactKey: Guid(0d6e1a77074710c4a9cde011105076ed) Importer(815301076,1909f56bfc062723c751e8b465ee728b)
Start importing Assets/Scripts/PatrolState.cs using Guid(0d6e1a77074710c4a9cde011105076ed) Importer(815301076,1909f56bfc062723c751e8b465ee728b)  -> (artifact id: '01a86df90854f4eaad11ae139a738a78') in 0.004021 seconds 
  Import took 0.017635 seconds .

========================================================================
Received Import Request.
  Time since last request: 8.552165 seconds.
  path: Assets/Scripts/PatrolState.cs
  artifactKey: Guid(0d6e1a77074710c4a9cde011105076ed) Importer(815301076,1909f56bfc062723c751e8b465ee728b)
Start importing Assets/Scripts/PatrolState.cs using Guid(0d6e1a77074710c4a9cde011105076ed) Importer(815301076,1909f56bfc062723c751e8b465ee728b)  -> (artifact id: '1ca5c34e24d2381a8d3701b54a0aaec8') in 0.004014 seconds 
  Import took 0.006549 seconds .

========================================================================
Received Import Request.
  Time since last request: 3.516106 seconds.
  path: Assets/Scripts/PatrolState.cs
  artifactKey: Guid(0d6e1a77074710c4a9cde011105076ed) Importer(815301076,1909f56bfc062723c751e8b465ee728b)
Start importing Assets/Scripts/PatrolState.cs using Guid(0d6e1a77074710c4a9cde011105076ed) Importer(815301076,1909f56bfc062723c751e8b465ee728b)  -> (artifact id: '792133c41bbc38fe6793ffc58df22d73') in 0.004144 seconds 
  Import took 0.006964 seconds .

========================================================================
Received Import Request.
  Time since last request: 8.655344 seconds.
  path: Assets/Scripts/PatrolState.cs
  artifactKey: Guid(0d6e1a77074710c4a9cde011105076ed) Importer(815301076,1909f56bfc062723c751e8b465ee728b)
Start importing Assets/Scripts/PatrolState.cs using Guid(0d6e1a77074710c4a9cde011105076ed) Importer(815301076,1909f56bfc062723c751e8b465ee728b)  -> (artifact id: 'c02506c76e36b046ff2e22ebce3c9abe') in 0.002719 seconds 
  Import took 0.005448 seconds .

========================================================================
Received Import Request.
  Time since last request: 11.187842 seconds.
  path: Assets/Scripts/PatrolState.cs
  artifactKey: Guid(0d6e1a77074710c4a9cde011105076ed) Importer(815301076,1909f56bfc062723c751e8b465ee728b)
Start importing Assets/Scripts/PatrolState.cs using Guid(0d6e1a77074710c4a9cde011105076ed) Importer(815301076,1909f56bfc062723c751e8b465ee728b)  -> (artifact id: '41d15c6a0d41b74280c502183e309161') in 0.003275 seconds 
  Import took 0.006446 seconds .

========================================================================
Received Import Request.
  Time since last request: 15.703642 seconds.
  path: Assets/Scripts/PatrolState.cs
  artifactKey: Guid(0d6e1a77074710c4a9cde011105076ed) Importer(815301076,1909f56bfc062723c751e8b465ee728b)
Start importing Assets/Scripts/PatrolState.cs using Guid(0d6e1a77074710c4a9cde011105076ed) Importer(815301076,1909f56bfc062723c751e8b465ee728b)  -> (artifact id: 'd6d255c14ad095e79319c106acb6b959') in 0.003027 seconds 
  Import took 0.005737 seconds .

========================================================================
Received Import Request.
  Time since last request: 71.898928 seconds.
  path: Assets/Scripts/PatrolState.cs
  artifactKey: Guid(0d6e1a77074710c4a9cde011105076ed) Importer(815301076,1909f56bfc062723c751e8b465ee728b)
Start importing Assets/Scripts/PatrolState.cs using Guid(0d6e1a77074710c4a9cde011105076ed) Importer(815301076,1909f56bfc062723c751e8b465ee728b)  -> (artifact id: '121c808536a46b1211ec721511b2fff1') in 0.004239 seconds 
  Import took 0.017716 seconds .

========================================================================
Received Import Request.
  Time since last request: 40.920712 seconds.
  path: Assets/Scripts/PatrolState.cs
  artifactKey: Guid(0d6e1a77074710c4a9cde011105076ed) Importer(815301076,1909f56bfc062723c751e8b465ee728b)
Start importing Assets/Scripts/PatrolState.cs using Guid(0d6e1a77074710c4a9cde011105076ed) Importer(815301076,1909f56bfc062723c751e8b465ee728b)  -> (artifact id: 'bc8a6f2345de7b7df1b45eda9aa3272e') in 0.005273 seconds 
  Import took 0.008773 seconds .

========================================================================
Received Import Request.
  Time since last request: 4.743922 seconds.
  path: Assets/Scripts/PatrolState.cs
  artifactKey: Guid(0d6e1a77074710c4a9cde011105076ed) Importer(815301076,1909f56bfc062723c751e8b465ee728b)
Start importing Assets/Scripts/PatrolState.cs using Guid(0d6e1a77074710c4a9cde011105076ed) Importer(815301076,1909f56bfc062723c751e8b465ee728b)  -> (artifact id: '65a3223dc8350be7221c0ac46a988db8') in 0.002391 seconds 
  Import took 0.005661 seconds .

========================================================================
Received Import Request.
  Time since last request: 5.208407 seconds.
  path: Assets/Scripts/PatrolState.cs
  artifactKey: Guid(0d6e1a77074710c4a9cde011105076ed) Importer(815301076,1909f56bfc062723c751e8b465ee728b)
Start importing Assets/Scripts/PatrolState.cs using Guid(0d6e1a77074710c4a9cde011105076ed) Importer(815301076,1909f56bfc062723c751e8b465ee728b)  -> (artifact id: '9d22c3ea5c578fce45d54f1173f9fb11') in 0.004094 seconds 
  Import took 0.006668 seconds .

========================================================================
Received Import Request.
  Time since last request: 9.796817 seconds.
  path: Assets/Scripts/PatrolState.cs
  artifactKey: Guid(0d6e1a77074710c4a9cde011105076ed) Importer(815301076,1909f56bfc062723c751e8b465ee728b)
Start importing Assets/Scripts/PatrolState.cs using Guid(0d6e1a77074710c4a9cde011105076ed) Importer(815301076,1909f56bfc062723c751e8b465ee728b)  -> (artifact id: 'b2bf5ee0fa9b57f6c3feffe8f52067d0') in 0.004075 seconds 
  Import took 0.006899 seconds .

========================================================================
Received Import Request.
  Time since last request: 32.317881 seconds.
  path: Assets/Scripts/PatrolState.cs
  artifactKey: Guid(0d6e1a77074710c4a9cde011105076ed) Importer(815301076,1909f56bfc062723c751e8b465ee728b)
Start importing Assets/Scripts/PatrolState.cs using Guid(0d6e1a77074710c4a9cde011105076ed) Importer(815301076,1909f56bfc062723c751e8b465ee728b)  -> (artifact id: '70a9a06f499eb42f56e993ebd1f8b2a6') in 0.009801 seconds 
  Import took 0.013747 seconds .

========================================================================
Received Import Request.
  Time since last request: 9.299540 seconds.
  path: Assets/Scripts/PatrolState.cs
  artifactKey: Guid(0d6e1a77074710c4a9cde011105076ed) Importer(815301076,1909f56bfc062723c751e8b465ee728b)
Start importing Assets/Scripts/PatrolState.cs using Guid(0d6e1a77074710c4a9cde011105076ed) Importer(815301076,1909f56bfc062723c751e8b465ee728b)  -> (artifact id: '61d9823263dc142e212da31e87de8cbb') in 0.005444 seconds 
  Import took 0.008021 seconds .

========================================================================
Received Import Request.
  Time since last request: 147.818622 seconds.
  path: Assets/Scripts/PatrolState.cs
  artifactKey: Guid(0d6e1a77074710c4a9cde011105076ed) Importer(815301076,1909f56bfc062723c751e8b465ee728b)
Start importing Assets/Scripts/PatrolState.cs using Guid(0d6e1a77074710c4a9cde011105076ed) Importer(815301076,1909f56bfc062723c751e8b465ee728b)  -> (artifact id: '2ffc1c83605f6d3aca91cb2f02bd2131') in 0.004134 seconds 
  Import took 0.006999 seconds .

========================================================================
Received Import Request.
  Time since last request: 8.941128 seconds.
  path: Assets/Scripts/PatrolState.cs
  artifactKey: Guid(0d6e1a77074710c4a9cde011105076ed) Importer(815301076,1909f56bfc062723c751e8b465ee728b)
Start importing Assets/Scripts/PatrolState.cs using Guid(0d6e1a77074710c4a9cde011105076ed) Importer(815301076,1909f56bfc062723c751e8b465ee728b)  -> (artifact id: '6b539eb9ec98539aab9d0cb7066ad293') in 0.004091 seconds 
  Import took 0.006706 seconds .

========================================================================
Received Import Request.
  Time since last request: 7.612173 seconds.
  path: Assets/Scripts/PatrolState.cs
  artifactKey: Guid(0d6e1a77074710c4a9cde011105076ed) Importer(815301076,1909f56bfc062723c751e8b465ee728b)
Start importing Assets/Scripts/PatrolState.cs using Guid(0d6e1a77074710c4a9cde011105076ed) Importer(815301076,1909f56bfc062723c751e8b465ee728b)  -> (artifact id: '967585f4413f270ed3217bd364e0fd59') in 0.002627 seconds 
  Import took 0.005381 seconds .

========================================================================
Received Prepare
Registering precompiled user dll's ...
Registered in 0.005318 seconds.
Begin MonoManager ReloadAssembly
Native extension for WindowsStandalone target not found
Native extension for WebGL target not found
Refreshing native plugins compatible for Editor in 0.37 ms, found 2 plugins.
Preloading 0 native plugins for Editor in 0.00 ms.
Mono: successfully reloaded assembly
- Completed reload, in  0.925 seconds
Domain Reload Profiling:
	ReloadAssembly (926ms)
		BeginReloadAssembly (103ms)
			ExecutionOrderSort (0ms)
			DisableScriptedObjects (4ms)
			BackupInstance (0ms)
			ReleaseScriptingObjects (0ms)
			CreateAndSetChildDomain (29ms)
		EndReloadAssembly (774ms)
			LoadAssemblies (75ms)
			RebuildTransferFunctionScriptingTraits (0ms)
			SetupTypeCache (235ms)
			ReleaseScriptCaches (1ms)
			RebuildScriptCaches (35ms)
			SetupLoadedEditorAssemblies (329ms)
				LogAssemblyErrors (0ms)
				InitializePlatformSupportModulesInManaged (4ms)
				SetLoadedEditorAssemblies (0ms)
				RefreshPlugins (0ms)
				BeforeProcessingInitializeOnLoad (55ms)
				ProcessInitializeOnLoadAttributes (262ms)
				ProcessInitializeOnLoadMethodAttributes (5ms)
				AfterProcessingInitializeOnLoad (2ms)
				EditorAssembliesLoaded (0ms)
			ExecutionOrderSort2 (0ms)
			AwakeInstancesAfterBackupRestoration (6ms)
Platform modules already initialized, skipping
Refreshing native plugins compatible for Editor in 0.37 ms, found 2 plugins.
Preloading 0 native plugins for Editor in 0.00 ms.
Unloading 1857 Unused Serialized files (Serialized files now loaded: 0)
System memory in use before: 83.2 MB.
System memory in use after: 83.3 MB.

Unloading 14 unused Assets to reduce memory usage. Loaded Objects now: 2311.
Total: 2.739600 ms (FindLiveObjects: 0.145600 ms CreateObjectMapping: 0.051900 ms MarkObjects: 2.522200 ms  DeleteObjects: 0.019000 ms)

AssetImportParameters requested are different than current active one (requested -> active):
  custom:framework-win-MediaFoundation: 216162199b28c13a410421893ffa2e32 -> 
  custom:video-decoder-ogg-theora: a1e56fd34408186e4bbccfd4996cb3dc -> 
  custom:container-muxer-webm: aa71ff27fc2769a1b78a27578f13a17b -> 
  custom:container-demuxer-webm: 4f35f7cbe854078d1ac9338744f61a02 -> 
  custom:container-demuxer-ogg: 62fdf1f143b41e24485cea50d1cbac27 -> 
  custom:video-encoder-webm-vp8: eb34c28f22e8b96e1ab97ce403110664 -> 
  custom:video-decoder-webm-vp8: 9c59270c3fd7afecdb556c50c9e8de78 -> 
  custom:audio-decoder-ogg-vorbis: bf7c407c2cedff20999df2af8eb42d56 -> 
  custom:audio-encoder-webm-vorbis: bf7c407c2cedff20999df2af8eb42d56 -> 
========================================================================
Received Prepare
Registering precompiled user dll's ...
Registered in 0.002673 seconds.
Begin MonoManager ReloadAssembly
Native extension for WindowsStandalone target not found
Native extension for WebGL target not found
Refreshing native plugins compatible for Editor in 0.60 ms, found 2 plugins.
Preloading 0 native plugins for Editor in 0.00 ms.
Mono: successfully reloaded assembly
- Completed reload, in  0.955 seconds
Domain Reload Profiling:
	ReloadAssembly (956ms)
		BeginReloadAssembly (102ms)
			ExecutionOrderSort (0ms)
			DisableScriptedObjects (4ms)
			BackupInstance (0ms)
			ReleaseScriptingObjects (0ms)
			CreateAndSetChildDomain (29ms)
		EndReloadAssembly (803ms)
			LoadAssemblies (73ms)
			RebuildTransferFunctionScriptingTraits (0ms)
			SetupTypeCache (243ms)
			ReleaseScriptCaches (1ms)
			RebuildScriptCaches (35ms)
			SetupLoadedEditorAssemblies (365ms)
				LogAssemblyErrors (0ms)
				InitializePlatformSupportModulesInManaged (4ms)
				SetLoadedEditorAssemblies (0ms)
				RefreshPlugins (1ms)
				BeforeProcessingInitializeOnLoad (56ms)
				ProcessInitializeOnLoadAttributes (296ms)
				ProcessInitializeOnLoadMethodAttributes (5ms)
				AfterProcessingInitializeOnLoad (2ms)
				EditorAssembliesLoaded (0ms)
			ExecutionOrderSort2 (0ms)
			AwakeInstancesAfterBackupRestoration (6ms)
Platform modules already initialized, skipping
Refreshing native plugins compatible for Editor in 0.36 ms, found 2 plugins.
Preloading 0 native plugins for Editor in 0.00 ms.
Unloading 1857 Unused Serialized files (Serialized files now loaded: 0)
System memory in use before: 83.2 MB.
System memory in use after: 83.3 MB.

Unloading 14 unused Assets to reduce memory usage. Loaded Objects now: 2313.
Total: 3.168300 ms (FindLiveObjects: 0.206100 ms CreateObjectMapping: 0.073200 ms MarkObjects: 2.845700 ms  DeleteObjects: 0.042300 ms)

AssetImportParameters requested are different than current active one (requested -> active):
  custom:framework-win-MediaFoundation: 216162199b28c13a410421893ffa2e32 -> 
  custom:video-decoder-ogg-theora: a1e56fd34408186e4bbccfd4996cb3dc -> 
  custom:container-muxer-webm: aa71ff27fc2769a1b78a27578f13a17b -> 
  custom:container-demuxer-webm: 4f35f7cbe854078d1ac9338744f61a02 -> 
  custom:container-demuxer-ogg: 62fdf1f143b41e24485cea50d1cbac27 -> 
  custom:video-encoder-webm-vp8: eb34c28f22e8b96e1ab97ce403110664 -> 
  custom:video-decoder-webm-vp8: 9c59270c3fd7afecdb556c50c9e8de78 -> 
  custom:audio-decoder-ogg-vorbis: bf7c407c2cedff20999df2af8eb42d56 -> 
  custom:audio-encoder-webm-vorbis: bf7c407c2cedff20999df2af8eb42d56 -> 
========================================================================
Received Prepare
Registering precompiled user dll's ...
Registered in 0.002877 seconds.
Begin MonoManager ReloadAssembly
Native extension for WindowsStandalone target not found
Native extension for WebGL target not found
Refreshing native plugins compatible for Editor in 0.35 ms, found 2 plugins.
Preloading 0 native plugins for Editor in 0.00 ms.
Mono: successfully reloaded assembly
- Completed reload, in  0.980 seconds
Domain Reload Profiling:
	ReloadAssembly (980ms)
		BeginReloadAssembly (110ms)
			ExecutionOrderSort (0ms)
			DisableScriptedObjects (4ms)
			BackupInstance (0ms)
			ReleaseScriptingObjects (0ms)
			CreateAndSetChildDomain (28ms)
		EndReloadAssembly (822ms)
			LoadAssemblies (73ms)
			RebuildTransferFunctionScriptingTraits (0ms)
			SetupTypeCache (237ms)
			ReleaseScriptCaches (1ms)
			RebuildScriptCaches (43ms)
			SetupLoadedEditorAssemblies (369ms)
				LogAssemblyErrors (0ms)
				InitializePlatformSupportModulesInManaged (4ms)
				SetLoadedEditorAssemblies (0ms)
				RefreshPlugins (0ms)
				BeforeProcessingInitializeOnLoad (56ms)
				ProcessInitializeOnLoadAttributes (297ms)
				ProcessInitializeOnLoadMethodAttributes (5ms)
				AfterProcessingInitializeOnLoad (4ms)
				EditorAssembliesLoaded (1ms)
			ExecutionOrderSort2 (0ms)
			AwakeInstancesAfterBackupRestoration (12ms)
Platform modules already initialized, skipping
Refreshing native plugins compatible for Editor in 0.79 ms, found 2 plugins.
Preloading 0 native plugins for Editor in 0.00 ms.
Unloading 1857 Unused Serialized files (Serialized files now loaded: 0)
System memory in use before: 83.2 MB.
System memory in use after: 83.3 MB.

Unloading 14 unused Assets to reduce memory usage. Loaded Objects now: 2315.
Total: 4.111800 ms (FindLiveObjects: 0.158400 ms CreateObjectMapping: 0.056200 ms MarkObjects: 3.862100 ms  DeleteObjects: 0.033900 ms)

AssetImportParameters requested are different than current active one (requested -> active):
  custom:framework-win-MediaFoundation: 216162199b28c13a410421893ffa2e32 -> 
  custom:video-decoder-ogg-theora: a1e56fd34408186e4bbccfd4996cb3dc -> 
  custom:container-muxer-webm: aa71ff27fc2769a1b78a27578f13a17b -> 
  custom:container-demuxer-webm: 4f35f7cbe854078d1ac9338744f61a02 -> 
  custom:container-demuxer-ogg: 62fdf1f143b41e24485cea50d1cbac27 -> 
  custom:video-encoder-webm-vp8: eb34c28f22e8b96e1ab97ce403110664 -> 
  custom:video-decoder-webm-vp8: 9c59270c3fd7afecdb556c50c9e8de78 -> 
  custom:audio-decoder-ogg-vorbis: bf7c407c2cedff20999df2af8eb42d56 -> 
  custom:audio-encoder-webm-vorbis: bf7c407c2cedff20999df2af8eb42d56 -> 
========================================================================
Received Import Request.
  Time since last request: 287.316615 seconds.
  path: Assets/Scripts/SightLine.cs
  artifactKey: Guid(275f4d2079eb07d4ab37b4f8ce43cbf1) Importer(815301076,1909f56bfc062723c751e8b465ee728b)
Start importing Assets/Scripts/SightLine.cs using Guid(275f4d2079eb07d4ab37b4f8ce43cbf1) Importer(815301076,1909f56bfc062723c751e8b465ee728b)  -> (artifact id: 'b7c66c383d336c0f3a4dd5cae336d2ee') in 0.010316 seconds 
  Import took 0.013168 seconds .

========================================================================
Received Import Request.
  Time since last request: 0.017220 seconds.
  path: Assets/Scripts/SightLine.cs
  artifactKey: Guid(275f4d2079eb07d4ab37b4f8ce43cbf1) Importer(815301076,1909f56bfc062723c751e8b465ee728b)
Start importing Assets/Scripts/SightLine.cs using Guid(275f4d2079eb07d4ab37b4f8ce43cbf1) Importer(815301076,1909f56bfc062723c751e8b465ee728b)  -> (artifact id: 'b7c66c383d336c0f3a4dd5cae336d2ee') in 0.002321 seconds 
  Import took 0.005412 seconds .

========================================================================
Received Import Request.
  Time since last request: 28.359201 seconds.
  path: Assets/Scripts/SightLine.cs
  artifactKey: Guid(275f4d2079eb07d4ab37b4f8ce43cbf1) Importer(815301076,1909f56bfc062723c751e8b465ee728b)
Start importing Assets/Scripts/SightLine.cs using Guid(275f4d2079eb07d4ab37b4f8ce43cbf1) Importer(815301076,1909f56bfc062723c751e8b465ee728b)  -> (artifact id: '3f8883722fe30934dcc7fcd7d079ec4a') in 0.005868 seconds 
  Import took 0.009860 seconds .

========================================================================
Received Import Request.
  Time since last request: 77.725361 seconds.
  path: Assets/Scripts/SightLine.cs
  artifactKey: Guid(275f4d2079eb07d4ab37b4f8ce43cbf1) Importer(815301076,1909f56bfc062723c751e8b465ee728b)
Start importing Assets/Scripts/SightLine.cs using Guid(275f4d2079eb07d4ab37b4f8ce43cbf1) Importer(815301076,1909f56bfc062723c751e8b465ee728b)  -> (artifact id: 'efaffa5c23e9f89078b9178cd46b0fcf') in 0.004626 seconds 
  Import took 0.007531 seconds .

========================================================================
Received Prepare
Registering precompiled user dll's ...
Registered in 0.002667 seconds.
Begin MonoManager ReloadAssembly
Native extension for WindowsStandalone target not found
Native extension for WebGL target not found
Refreshing native plugins compatible for Editor in 0.35 ms, found 2 plugins.
Preloading 0 native plugins for Editor in 0.00 ms.
Mono: successfully reloaded assembly
- Completed reload, in  0.970 seconds
Domain Reload Profiling:
	ReloadAssembly (970ms)
		BeginReloadAssembly (99ms)
			ExecutionOrderSort (0ms)
			DisableScriptedObjects (4ms)
			BackupInstance (0ms)
			ReleaseScriptingObjects (0ms)
			CreateAndSetChildDomain (27ms)
		EndReloadAssembly (821ms)
			LoadAssemblies (84ms)
			RebuildTransferFunctionScriptingTraits (0ms)
			SetupTypeCache (257ms)
			ReleaseScriptCaches (1ms)
			RebuildScriptCaches (35ms)
			SetupLoadedEditorAssemblies (363ms)
				LogAssemblyErrors (0ms)
				InitializePlatformSupportModulesInManaged (4ms)
				SetLoadedEditorAssemblies (0ms)
				RefreshPlugins (0ms)
				BeforeProcessingInitializeOnLoad (56ms)
				ProcessInitializeOnLoadAttributes (294ms)
				ProcessInitializeOnLoadMethodAttributes (5ms)
				AfterProcessingInitializeOnLoad (2ms)
				EditorAssembliesLoaded (0ms)
			ExecutionOrderSort2 (0ms)
			AwakeInstancesAfterBackupRestoration (6ms)
Platform modules already initialized, skipping
Refreshing native plugins compatible for Editor in 0.38 ms, found 2 plugins.
Preloading 0 native plugins for Editor in 0.00 ms.
Unloading 1857 Unused Serialized files (Serialized files now loaded: 0)
System memory in use before: 83.2 MB.
System memory in use after: 83.3 MB.

Unloading 14 unused Assets to reduce memory usage. Loaded Objects now: 2317.
Total: 2.916800 ms (FindLiveObjects: 0.163700 ms CreateObjectMapping: 0.049600 ms MarkObjects: 2.656800 ms  DeleteObjects: 0.045800 ms)

AssetImportParameters requested are different than current active one (requested -> active):
  custom:framework-win-MediaFoundation: 216162199b28c13a410421893ffa2e32 -> 
  custom:video-decoder-ogg-theora: a1e56fd34408186e4bbccfd4996cb3dc -> 
  custom:container-muxer-webm: aa71ff27fc2769a1b78a27578f13a17b -> 
  custom:container-demuxer-webm: 4f35f7cbe854078d1ac9338744f61a02 -> 
  custom:container-demuxer-ogg: 62fdf1f143b41e24485cea50d1cbac27 -> 
  custom:video-encoder-webm-vp8: eb34c28f22e8b96e1ab97ce403110664 -> 
  custom:video-decoder-webm-vp8: 9c59270c3fd7afecdb556c50c9e8de78 -> 
  custom:audio-decoder-ogg-vorbis: bf7c407c2cedff20999df2af8eb42d56 -> 
  custom:audio-encoder-webm-vorbis: bf7c407c2cedff20999df2af8eb42d56 -> 
========================================================================
Received Prepare
Registering precompiled user dll's ...
Registered in 0.002635 seconds.
Begin MonoManager ReloadAssembly
Native extension for WindowsStandalone target not found
Native extension for WebGL target not found
Refreshing native plugins compatible for Editor in 0.39 ms, found 2 plugins.
Preloading 0 native plugins for Editor in 0.00 ms.
Mono: successfully reloaded assembly
- Completed reload, in  0.956 seconds
Domain Reload Profiling:
	ReloadAssembly (957ms)
		BeginReloadAssembly (96ms)
			ExecutionOrderSort (0ms)
			DisableScriptedObjects (4ms)
			BackupInstance (0ms)
			ReleaseScriptingObjects (0ms)
			CreateAndSetChildDomain (27ms)
		EndReloadAssembly (813ms)
			LoadAssemblies (72ms)
			RebuildTransferFunctionScriptingTraits (0ms)
			SetupTypeCache (239ms)
			ReleaseScriptCaches (1ms)
			RebuildScriptCaches (36ms)
			SetupLoadedEditorAssemblies (370ms)
				LogAssemblyErrors (0ms)
				InitializePlatformSupportModulesInManaged (5ms)
				SetLoadedEditorAssemblies (0ms)
				RefreshPlugins (0ms)
				BeforeProcessingInitializeOnLoad (59ms)
				ProcessInitializeOnLoadAttributes (298ms)
				ProcessInitializeOnLoadMethodAttributes (5ms)
				AfterProcessingInitializeOnLoad (2ms)
				EditorAssembliesLoaded (0ms)
			ExecutionOrderSort2 (0ms)
			AwakeInstancesAfterBackupRestoration (6ms)
Platform modules already initialized, skipping
Refreshing native plugins compatible for Editor in 0.36 ms, found 2 plugins.
Preloading 0 native plugins for Editor in 0.00 ms.
Unloading 1857 Unused Serialized files (Serialized files now loaded: 0)
System memory in use before: 83.2 MB.
System memory in use after: 83.3 MB.

Unloading 14 unused Assets to reduce memory usage. Loaded Objects now: 2319.
Total: 2.792800 ms (FindLiveObjects: 0.140500 ms CreateObjectMapping: 0.049700 ms MarkObjects: 2.558300 ms  DeleteObjects: 0.043300 ms)

AssetImportParameters requested are different than current active one (requested -> active):
  custom:framework-win-MediaFoundation: 216162199b28c13a410421893ffa2e32 -> 
  custom:video-decoder-ogg-theora: a1e56fd34408186e4bbccfd4996cb3dc -> 
  custom:container-muxer-webm: aa71ff27fc2769a1b78a27578f13a17b -> 
  custom:container-demuxer-webm: 4f35f7cbe854078d1ac9338744f61a02 -> 
  custom:container-demuxer-ogg: 62fdf1f143b41e24485cea50d1cbac27 -> 
  custom:video-encoder-webm-vp8: eb34c28f22e8b96e1ab97ce403110664 -> 
  custom:video-decoder-webm-vp8: 9c59270c3fd7afecdb556c50c9e8de78 -> 
  custom:audio-decoder-ogg-vorbis: bf7c407c2cedff20999df2af8eb42d56 -> 
  custom:audio-encoder-webm-vorbis: bf7c407c2cedff20999df2af8eb42d56 -> 
AssetImportWorkerClient::OnTransportError - code=2 error=End of file
