Using pre-set license
Built from '2020.3/staging' branch; Version is '2020.3.16f1 (049d6eca3c44) revision 302446'; Using compiler version '192528614'; Build Type 'Release'
OS: 'Windows 10 Enterprise; OS build 19042.1165; Version 2009; 64bit' Language: 'en' Physical Memory: 32669 MB
BatchMode: 1, IsHumanControllingUs: 0, StartBugReporterOnCrash: 0, Is64bit: 1, IsPro: 0

 COMMAND LINE ARGUMENTS:
D:\Program Files\Unity\2020.3.16f1\Editor\Unity.exe
-adb2
-batchMode
-noUpm
-name
AssetImportWorker0
-projectPath
D:/Students/Adam Tang/Git-Hub/UnityAI/Unity-AI
-logFile
Logs/AssetImportWorker0.log
-srvPort
62231
Successfully changed project path to: D:/Students/Adam Tang/Git-Hub/UnityAI/Unity-AI
D:/Students/Adam Tang/Git-Hub/UnityAI/Unity-AI
Using Asset Import Pipeline V2.
Refreshing native plugins compatible for Editor in 41.47 ms, found 2 plugins.
Preloading 0 native plugins for Editor in 0.00 ms.
Initialize engine version: 2020.3.16f1 (049d6eca3c44)
[Subsystems] Discovering subsystems at path D:/Program Files/Unity/2020.3.16f1/Editor/Data/Resources/UnitySubsystems
[Subsystems] Discovering subsystems at path D:/Students/Adam Tang/Git-Hub/UnityAI/Unity-AI/Assets
GfxDevice: creating device client; threaded=0
Direct3D:
    Version:  Direct3D 11.0 [level 11.1]
    Renderer: NVIDIA GeForce GTX 1080 (ID=0x1b80)
    Vendor:   
    VRAM:     8079 MB
    Driver:   30.0.14.7168
Initialize mono
Mono path[0] = 'D:/Program Files/Unity/2020.3.16f1/Editor/Data/Managed'
Mono path[1] = 'D:/Program Files/Unity/2020.3.16f1/Editor/Data/MonoBleedingEdge/lib/mono/unityjit'
Mono config path = 'D:/Program Files/Unity/2020.3.16f1/Editor/Data/MonoBleedingEdge/etc'
Using monoOptions --debugger-agent=transport=dt_socket,embedding=1,server=y,suspend=n,address=127.0.0.1:56100
Begin MonoManager ReloadAssembly
Registering precompiled unity dll's ...
Register platform support module: D:/Program Files/Unity/2020.3.16f1/Editor/Data/PlaybackEngines/WebGLSupport/UnityEditor.WebGL.Extensions.dll
Register platform support module: D:/Program Files/Unity/2020.3.16f1/Editor/Data/PlaybackEngines/WindowsStandaloneSupport/UnityEditor.WindowsStandalone.Extensions.dll
Registered in 0.001273 seconds.
Native extension for WindowsStandalone target not found
Native extension for WebGL target not found
Refreshing native plugins compatible for Editor in 45.75 ms, found 2 plugins.
Preloading 0 native plugins for Editor in 0.00 ms.
Mono: successfully reloaded assembly
- Completed reload, in  1.049 seconds
Domain Reload Profiling:
	ReloadAssembly (1049ms)
		BeginReloadAssembly (49ms)
			ExecutionOrderSort (0ms)
			DisableScriptedObjects (0ms)
			BackupInstance (0ms)
			ReleaseScriptingObjects (0ms)
			CreateAndSetChildDomain (1ms)
		EndReloadAssembly (493ms)
			LoadAssemblies (49ms)
			RebuildTransferFunctionScriptingTraits (0ms)
			SetupTypeCache (203ms)
			ReleaseScriptCaches (0ms)
			RebuildScriptCaches (32ms)
			SetupLoadedEditorAssemblies (173ms)
				LogAssemblyErrors (0ms)
				InitializePlatformSupportModulesInManaged (4ms)
				SetLoadedEditorAssemblies (0ms)
				RefreshPlugins (46ms)
				BeforeProcessingInitializeOnLoad (20ms)
				ProcessInitializeOnLoadAttributes (78ms)
				ProcessInitializeOnLoadMethodAttributes (25ms)
				AfterProcessingInitializeOnLoad (0ms)
				EditorAssembliesLoaded (0ms)
			ExecutionOrderSort2 (0ms)
			AwakeInstancesAfterBackupRestoration (0ms)
Platform modules already initialized, skipping
Registering precompiled user dll's ...
Registered in 0.002831 seconds.
Begin MonoManager ReloadAssembly
Native extension for WindowsStandalone target not found
Native extension for WebGL target not found
Refreshing native plugins compatible for Editor in 38.33 ms, found 2 plugins.
Preloading 0 native plugins for Editor in 0.00 ms.
Mono: successfully reloaded assembly
- Completed reload, in  1.488 seconds
Domain Reload Profiling:
	ReloadAssembly (1488ms)
		BeginReloadAssembly (202ms)
			ExecutionOrderSort (0ms)
			DisableScriptedObjects (4ms)
			BackupInstance (0ms)
			ReleaseScriptingObjects (0ms)
			CreateAndSetChildDomain (26ms)
		EndReloadAssembly (1174ms)
			LoadAssemblies (108ms)
			RebuildTransferFunctionScriptingTraits (0ms)
			SetupTypeCache (378ms)
			ReleaseScriptCaches (0ms)
			RebuildScriptCaches (54ms)
			SetupLoadedEditorAssemblies (482ms)
				LogAssemblyErrors (0ms)
				InitializePlatformSupportModulesInManaged (4ms)
				SetLoadedEditorAssemblies (0ms)
				RefreshPlugins (38ms)
				BeforeProcessingInitializeOnLoad (65ms)
				ProcessInitializeOnLoadAttributes (366ms)
				ProcessInitializeOnLoadMethodAttributes (6ms)
				AfterProcessingInitializeOnLoad (3ms)
				EditorAssembliesLoaded (0ms)
			ExecutionOrderSort2 (0ms)
			AwakeInstancesAfterBackupRestoration (9ms)
Platform modules already initialized, skipping
========================================================================
Worker process is ready to serve import requests
Launched and connected shader compiler UnityShaderCompiler.exe after 0.08 seconds
Refreshing native plugins compatible for Editor in 0.40 ms, found 2 plugins.
Preloading 0 native plugins for Editor in 0.00 ms.
Unloading 1864 Unused Serialized files (Serialized files now loaded: 0)
System memory in use before: 83.4 MB.
System memory in use after: 83.5 MB.

Unloading 21 unused Assets to reduce memory usage. Loaded Objects now: 2300.
Total: 3.231400 ms (FindLiveObjects: 0.177500 ms CreateObjectMapping: 0.066100 ms MarkObjects: 2.910500 ms  DeleteObjects: 0.076100 ms)

AssetImportParameters requested are different than current active one (requested -> active):
  custom:framework-win-MediaFoundation: 216162199b28c13a410421893ffa2e32 -> 
  custom:video-decoder-ogg-theora: a1e56fd34408186e4bbccfd4996cb3dc -> 
  custom:container-muxer-webm: aa71ff27fc2769a1b78a27578f13a17b -> 
  custom:container-demuxer-webm: 4f35f7cbe854078d1ac9338744f61a02 -> 
  custom:container-demuxer-ogg: 62fdf1f143b41e24485cea50d1cbac27 -> 
  custom:video-encoder-webm-vp8: eb34c28f22e8b96e1ab97ce403110664 -> 
  custom:video-decoder-webm-vp8: 9c59270c3fd7afecdb556c50c9e8de78 -> 
  custom:audio-decoder-ogg-vorbis: bf7c407c2cedff20999df2af8eb42d56 -> 
  custom:audio-encoder-webm-vorbis: bf7c407c2cedff20999df2af8eb42d56 -> 
========================================================================
Received Import Request.
  path: Assets/Scripts/FSMStateType.cs
  artifactKey: Guid(dbc12d9cae7045b4e85edc93b7bc3c1a) Importer(815301076,1909f56bfc062723c751e8b465ee728b)
Start importing Assets/Scripts/FSMStateType.cs using Guid(dbc12d9cae7045b4e85edc93b7bc3c1a) Importer(815301076,1909f56bfc062723c751e8b465ee728b)  -> (artifact id: 'e7cec12e398f0bef0449041abd67763f') in 0.034544 seconds 
  Import took 0.037612 seconds .

========================================================================
Received Import Request.
  Time since last request: 2.533360 seconds.
  path: Assets/Scripts/iFSMState.cs
  artifactKey: Guid(0e2c689b820f29e498c5ee4ca2f084b7) Importer(815301076,1909f56bfc062723c751e8b465ee728b)
Start importing Assets/Scripts/iFSMState.cs using Guid(0e2c689b820f29e498c5ee4ca2f084b7) Importer(815301076,1909f56bfc062723c751e8b465ee728b)  -> (artifact id: 'c25a260e6f7ce96d0a4bb668e31adf8a') in 0.014217 seconds 
  Import took 0.025401 seconds .

========================================================================
Received Import Request.
  Time since last request: 47.827290 seconds.
  path: Assets/Scripts/iFSMState.cs
  artifactKey: Guid(0e2c689b820f29e498c5ee4ca2f084b7) Importer(815301076,1909f56bfc062723c751e8b465ee728b)
Start importing Assets/Scripts/iFSMState.cs using Guid(0e2c689b820f29e498c5ee4ca2f084b7) Importer(815301076,1909f56bfc062723c751e8b465ee728b)  -> (artifact id: 'ca41e582903ec75c0471bf5e5f1fa419') in 0.004675 seconds 
  Import took 0.010998 seconds .

========================================================================
Received Import Request.
  Time since last request: 8.967730 seconds.
  path: Assets/Scripts/iFSMState.cs
  artifactKey: Guid(0e2c689b820f29e498c5ee4ca2f084b7) Importer(815301076,1909f56bfc062723c751e8b465ee728b)
Start importing Assets/Scripts/iFSMState.cs using Guid(0e2c689b820f29e498c5ee4ca2f084b7) Importer(815301076,1909f56bfc062723c751e8b465ee728b)  -> (artifact id: '366f4d7e78aee1ed5d4eb06ef473e846') in 0.004390 seconds 
  Import took 0.016088 seconds .

========================================================================
Received Import Request.
  Time since last request: 0.001587 seconds.
  path: Assets/Scripts/iFSMState.cs
  artifactKey: Guid(0e2c689b820f29e498c5ee4ca2f084b7) Importer(815301076,1909f56bfc062723c751e8b465ee728b)
Start importing Assets/Scripts/iFSMState.cs using Guid(0e2c689b820f29e498c5ee4ca2f084b7) Importer(815301076,1909f56bfc062723c751e8b465ee728b)  -> (artifact id: '366f4d7e78aee1ed5d4eb06ef473e846') in 0.003768 seconds 
  Import took 0.006733 seconds .

========================================================================
Received Prepare
Registering precompiled user dll's ...
Registered in 0.002597 seconds.
Begin MonoManager ReloadAssembly
Native extension for WindowsStandalone target not found
Native extension for WebGL target not found
Refreshing native plugins compatible for Editor in 0.37 ms, found 2 plugins.
Preloading 0 native plugins for Editor in 0.00 ms.
Mono: successfully reloaded assembly
- Completed reload, in  1.168 seconds
Domain Reload Profiling:
	ReloadAssembly (1168ms)
		BeginReloadAssembly (104ms)
			ExecutionOrderSort (0ms)
			DisableScriptedObjects (5ms)
			BackupInstance (0ms)
			ReleaseScriptingObjects (0ms)
			CreateAndSetChildDomain (32ms)
		EndReloadAssembly (1004ms)
			LoadAssemblies (94ms)
			RebuildTransferFunctionScriptingTraits (0ms)
			SetupTypeCache (418ms)
			ReleaseScriptCaches (1ms)
			RebuildScriptCaches (37ms)
			SetupLoadedEditorAssemblies (368ms)
				LogAssemblyErrors (0ms)
				InitializePlatformSupportModulesInManaged (4ms)
				SetLoadedEditorAssemblies (0ms)
				RefreshPlugins (0ms)
				BeforeProcessingInitializeOnLoad (57ms)
				ProcessInitializeOnLoadAttributes (299ms)
				ProcessInitializeOnLoadMethodAttributes (5ms)
				AfterProcessingInitializeOnLoad (2ms)
				EditorAssembliesLoaded (0ms)
			ExecutionOrderSort2 (0ms)
			AwakeInstancesAfterBackupRestoration (6ms)
Platform modules already initialized, skipping
Refreshing native plugins compatible for Editor in 0.37 ms, found 2 plugins.
Preloading 0 native plugins for Editor in 0.00 ms.
Unloading 1854 Unused Serialized files (Serialized files now loaded: 0)
System memory in use before: 83.1 MB.
System memory in use after: 83.2 MB.

Unloading 14 unused Assets to reduce memory usage. Loaded Objects now: 2302.
Total: 2.691900 ms (FindLiveObjects: 0.140200 ms CreateObjectMapping: 0.052400 ms MarkObjects: 2.480000 ms  DeleteObjects: 0.018600 ms)

AssetImportParameters requested are different than current active one (requested -> active):
  custom:framework-win-MediaFoundation: 216162199b28c13a410421893ffa2e32 -> 
  custom:video-decoder-ogg-theora: a1e56fd34408186e4bbccfd4996cb3dc -> 
  custom:container-muxer-webm: aa71ff27fc2769a1b78a27578f13a17b -> 
  custom:container-demuxer-webm: 4f35f7cbe854078d1ac9338744f61a02 -> 
  custom:container-demuxer-ogg: 62fdf1f143b41e24485cea50d1cbac27 -> 
  custom:video-encoder-webm-vp8: eb34c28f22e8b96e1ab97ce403110664 -> 
  custom:video-decoder-webm-vp8: 9c59270c3fd7afecdb556c50c9e8de78 -> 
  custom:audio-decoder-ogg-vorbis: bf7c407c2cedff20999df2af8eb42d56 -> 
  custom:audio-encoder-webm-vorbis: bf7c407c2cedff20999df2af8eb42d56 -> 
========================================================================
Received Import Request.
  Time since last request: 48.050260 seconds.
  path: Assets/Scripts/EmptyAction.cs
  artifactKey: Guid(98509603168cbb24daab7091b06e9964) Importer(815301076,1909f56bfc062723c751e8b465ee728b)
Start importing Assets/Scripts/EmptyAction.cs using Guid(98509603168cbb24daab7091b06e9964) Importer(815301076,1909f56bfc062723c751e8b465ee728b)  -> (artifact id: 'd193f6f45dbd50d9895ff8cda8ca6402') in 0.013070 seconds 
  Import took 0.037317 seconds .

========================================================================
Received Prepare
Registering precompiled user dll's ...
Registered in 0.002530 seconds.
Begin MonoManager ReloadAssembly
Native extension for WindowsStandalone target not found
Native extension for WebGL target not found
Refreshing native plugins compatible for Editor in 0.36 ms, found 2 plugins.
Preloading 0 native plugins for Editor in 0.00 ms.
Mono: successfully reloaded assembly
- Completed reload, in  1.100 seconds
Domain Reload Profiling:
	ReloadAssembly (1101ms)
		BeginReloadAssembly (111ms)
			ExecutionOrderSort (0ms)
			DisableScriptedObjects (4ms)
			BackupInstance (0ms)
			ReleaseScriptingObjects (0ms)
			CreateAndSetChildDomain (41ms)
		EndReloadAssembly (937ms)
			LoadAssemblies (86ms)
			RebuildTransferFunctionScriptingTraits (0ms)
			SetupTypeCache (307ms)
			ReleaseScriptCaches (1ms)
			RebuildScriptCaches (44ms)
			SetupLoadedEditorAssemblies (386ms)
				LogAssemblyErrors (0ms)
				InitializePlatformSupportModulesInManaged (4ms)
				SetLoadedEditorAssemblies (0ms)
				RefreshPlugins (0ms)
				BeforeProcessingInitializeOnLoad (56ms)
				ProcessInitializeOnLoadAttributes (318ms)
				ProcessInitializeOnLoadMethodAttributes (5ms)
				AfterProcessingInitializeOnLoad (2ms)
				EditorAssembliesLoaded (0ms)
			ExecutionOrderSort2 (0ms)
			AwakeInstancesAfterBackupRestoration (6ms)
Platform modules already initialized, skipping
Refreshing native plugins compatible for Editor in 0.37 ms, found 2 plugins.
Preloading 0 native plugins for Editor in 0.00 ms.
Unloading 1855 Unused Serialized files (Serialized files now loaded: 0)
System memory in use before: 83.1 MB.
System memory in use after: 83.2 MB.

Unloading 14 unused Assets to reduce memory usage. Loaded Objects now: 2305.
Total: 3.158700 ms (FindLiveObjects: 0.178900 ms CreateObjectMapping: 0.050400 ms MarkObjects: 2.880400 ms  DeleteObjects: 0.047800 ms)

AssetImportParameters requested are different than current active one (requested -> active):
  custom:framework-win-MediaFoundation: 216162199b28c13a410421893ffa2e32 -> 
  custom:video-decoder-ogg-theora: a1e56fd34408186e4bbccfd4996cb3dc -> 
  custom:container-muxer-webm: aa71ff27fc2769a1b78a27578f13a17b -> 
  custom:container-demuxer-webm: 4f35f7cbe854078d1ac9338744f61a02 -> 
  custom:container-demuxer-ogg: 62fdf1f143b41e24485cea50d1cbac27 -> 
  custom:video-encoder-webm-vp8: eb34c28f22e8b96e1ab97ce403110664 -> 
  custom:video-decoder-webm-vp8: 9c59270c3fd7afecdb556c50c9e8de78 -> 
  custom:audio-decoder-ogg-vorbis: bf7c407c2cedff20999df2af8eb42d56 -> 
  custom:audio-encoder-webm-vorbis: bf7c407c2cedff20999df2af8eb42d56 -> 
========================================================================
Received Import Request.
  Time since last request: 24.681064 seconds.
  path: Assets/Scripts/EmptyAction.cs
  artifactKey: Guid(98509603168cbb24daab7091b06e9964) Importer(815301076,1909f56bfc062723c751e8b465ee728b)
Start importing Assets/Scripts/EmptyAction.cs using Guid(98509603168cbb24daab7091b06e9964) Importer(815301076,1909f56bfc062723c751e8b465ee728b)  -> (artifact id: 'c76721248684cfa87120677ecf84e9d5') in 0.005943 seconds 
  Import took 0.010187 seconds .

========================================================================
Received Import Request.
  Time since last request: 8.148013 seconds.
  path: Assets/Scripts/EmptyAction.cs
  artifactKey: Guid(98509603168cbb24daab7091b06e9964) Importer(815301076,1909f56bfc062723c751e8b465ee728b)
Start importing Assets/Scripts/EmptyAction.cs using Guid(98509603168cbb24daab7091b06e9964) Importer(815301076,1909f56bfc062723c751e8b465ee728b)  -> (artifact id: '2a78f0e505d984cdbd839b8f7cf6c306') in 0.004686 seconds 
  Import took 0.025600 seconds .

========================================================================
Received Import Request.
  Time since last request: 20.452721 seconds.
  path: Assets/Scripts/EmptyAction.cs
  artifactKey: Guid(98509603168cbb24daab7091b06e9964) Importer(815301076,1909f56bfc062723c751e8b465ee728b)
Start importing Assets/Scripts/EmptyAction.cs using Guid(98509603168cbb24daab7091b06e9964) Importer(815301076,1909f56bfc062723c751e8b465ee728b)  -> (artifact id: 'a8742cdf727e731a67ab6b9984432251') in 0.003378 seconds 
  Import took 0.011399 seconds .

========================================================================
Received Import Request.
  Time since last request: 21.313418 seconds.
  path: Assets/Scripts/EmptyAction.cs
  artifactKey: Guid(98509603168cbb24daab7091b06e9964) Importer(815301076,1909f56bfc062723c751e8b465ee728b)
Start importing Assets/Scripts/EmptyAction.cs using Guid(98509603168cbb24daab7091b06e9964) Importer(815301076,1909f56bfc062723c751e8b465ee728b)  -> (artifact id: '9fd5718508a3aa9318ca29ffb09ed24d') in 0.004329 seconds 
  Import took 0.024456 seconds .

========================================================================
Received Import Request.
  Time since last request: 11.467801 seconds.
  path: Assets/Scripts/EmptyAction.cs
  artifactKey: Guid(98509603168cbb24daab7091b06e9964) Importer(815301076,1909f56bfc062723c751e8b465ee728b)
Start importing Assets/Scripts/EmptyAction.cs using Guid(98509603168cbb24daab7091b06e9964) Importer(815301076,1909f56bfc062723c751e8b465ee728b)  -> (artifact id: '2d4dfc8e7dbbbebedf8d298095e49628') in 0.004147 seconds 
  Import took 0.026538 seconds .

========================================================================
Received Import Request.
  Time since last request: 36.664820 seconds.
  path: Assets/Scripts/EmptyAction.cs
  artifactKey: Guid(98509603168cbb24daab7091b06e9964) Importer(815301076,1909f56bfc062723c751e8b465ee728b)
Start importing Assets/Scripts/EmptyAction.cs using Guid(98509603168cbb24daab7091b06e9964) Importer(815301076,1909f56bfc062723c751e8b465ee728b)  -> (artifact id: '2dac746475700a67249a5a16ffa9326e') in 0.004526 seconds 
  Import took 0.016744 seconds .

========================================================================
Received Import Request.
  Time since last request: 0.002239 seconds.
  path: Assets/Scripts/EmptyAction.cs
  artifactKey: Guid(98509603168cbb24daab7091b06e9964) Importer(815301076,1909f56bfc062723c751e8b465ee728b)
Start importing Assets/Scripts/EmptyAction.cs using Guid(98509603168cbb24daab7091b06e9964) Importer(815301076,1909f56bfc062723c751e8b465ee728b)  -> (artifact id: '2dac746475700a67249a5a16ffa9326e') in 0.004333 seconds 
  Import took 0.008260 seconds .

========================================================================
Received Import Request.
  Time since last request: 5.309500 seconds.
  path: Assets/Scripts/EmptyAction.cs
  artifactKey: Guid(98509603168cbb24daab7091b06e9964) Importer(815301076,1909f56bfc062723c751e8b465ee728b)
Start importing Assets/Scripts/EmptyAction.cs using Guid(98509603168cbb24daab7091b06e9964) Importer(815301076,1909f56bfc062723c751e8b465ee728b)  -> (artifact id: 'd1bea0546215095d027cac973e864239') in 0.004160 seconds 
  Import took 0.006771 seconds .

========================================================================
Received Import Request.
  Time since last request: 10.476911 seconds.
  path: Assets/Scripts/EmptyAction.cs
  artifactKey: Guid(98509603168cbb24daab7091b06e9964) Importer(815301076,1909f56bfc062723c751e8b465ee728b)
Start importing Assets/Scripts/EmptyAction.cs using Guid(98509603168cbb24daab7091b06e9964) Importer(815301076,1909f56bfc062723c751e8b465ee728b)  -> (artifact id: '6703bc10a5ed24b2d93d890b21b94c1f') in 0.004734 seconds 
  Import took 0.035879 seconds .

========================================================================
Received Import Request.
  Time since last request: 28.451937 seconds.
  path: Assets/Scripts/EmptyAction.cs
  artifactKey: Guid(98509603168cbb24daab7091b06e9964) Importer(815301076,1909f56bfc062723c751e8b465ee728b)
Start importing Assets/Scripts/EmptyAction.cs using Guid(98509603168cbb24daab7091b06e9964) Importer(815301076,1909f56bfc062723c751e8b465ee728b)  -> (artifact id: 'f78e96dcf0a1eb35e2ff40b8c52211d7') in 0.004570 seconds 
  Import took 0.018810 seconds .

========================================================================
Received Import Request.
  Time since last request: 0.026823 seconds.
  path: Assets/Scripts/EmptyAction.cs
  artifactKey: Guid(98509603168cbb24daab7091b06e9964) Importer(815301076,1909f56bfc062723c751e8b465ee728b)
Start importing Assets/Scripts/EmptyAction.cs using Guid(98509603168cbb24daab7091b06e9964) Importer(815301076,1909f56bfc062723c751e8b465ee728b)  -> (artifact id: 'f78e96dcf0a1eb35e2ff40b8c52211d7') in 0.003620 seconds 
  Import took 0.007583 seconds .

========================================================================
Received Import Request.
  Time since last request: 32.242272 seconds.
  path: Assets/Scripts/EmptyAction.cs
  artifactKey: Guid(98509603168cbb24daab7091b06e9964) Importer(815301076,1909f56bfc062723c751e8b465ee728b)
Start importing Assets/Scripts/EmptyAction.cs using Guid(98509603168cbb24daab7091b06e9964) Importer(815301076,1909f56bfc062723c751e8b465ee728b)  -> (artifact id: '93d54e33f98ed5ef49362fe253144f55') in 0.004400 seconds 
  Import took 0.018883 seconds .

========================================================================
Received Import Request.
  Time since last request: 0.019378 seconds.
  path: Assets/Scripts/EmptyAction.cs
  artifactKey: Guid(98509603168cbb24daab7091b06e9964) Importer(815301076,1909f56bfc062723c751e8b465ee728b)
Start importing Assets/Scripts/EmptyAction.cs using Guid(98509603168cbb24daab7091b06e9964) Importer(815301076,1909f56bfc062723c751e8b465ee728b)  -> (artifact id: '93d54e33f98ed5ef49362fe253144f55') in 0.004984 seconds 
  Import took 0.009619 seconds .

========================================================================
Received Import Request.
  Time since last request: 7.494099 seconds.
  path: Assets/Scripts/EmptyAction.cs
  artifactKey: Guid(98509603168cbb24daab7091b06e9964) Importer(815301076,1909f56bfc062723c751e8b465ee728b)
Start importing Assets/Scripts/EmptyAction.cs using Guid(98509603168cbb24daab7091b06e9964) Importer(815301076,1909f56bfc062723c751e8b465ee728b)  -> (artifact id: '5f7b96d7f636cee0b6fb06ade436ccbf') in 0.004054 seconds 
  Import took 0.007453 seconds .

========================================================================
Received Import Request.
  Time since last request: 26.711926 seconds.
  path: Assets/Scripts/EmptyAction.cs
  artifactKey: Guid(98509603168cbb24daab7091b06e9964) Importer(815301076,1909f56bfc062723c751e8b465ee728b)
Start importing Assets/Scripts/EmptyAction.cs using Guid(98509603168cbb24daab7091b06e9964) Importer(815301076,1909f56bfc062723c751e8b465ee728b)  -> (artifact id: 'fc3ffc60de5e7a125a801fa862115ae9') in 0.004869 seconds 
  Import took 0.008558 seconds .

========================================================================
Received Import Request.
  Time since last request: 13.007281 seconds.
  path: Assets/Scripts/EmptyAction.cs
  artifactKey: Guid(98509603168cbb24daab7091b06e9964) Importer(815301076,1909f56bfc062723c751e8b465ee728b)
Start importing Assets/Scripts/EmptyAction.cs using Guid(98509603168cbb24daab7091b06e9964) Importer(815301076,1909f56bfc062723c751e8b465ee728b)  -> (artifact id: 'bd26a2db7955cfd21698482451d3870f') in 0.003472 seconds 
  Import took 0.006747 seconds .

========================================================================
Received Import Request.
  Time since last request: 8.224813 seconds.
  path: Assets/Scripts/EmptyAction.cs
  artifactKey: Guid(98509603168cbb24daab7091b06e9964) Importer(815301076,1909f56bfc062723c751e8b465ee728b)
Start importing Assets/Scripts/EmptyAction.cs using Guid(98509603168cbb24daab7091b06e9964) Importer(815301076,1909f56bfc062723c751e8b465ee728b)  -> (artifact id: '41669a2ebed139a151d18aaf4935e46d') in 0.003755 seconds 
  Import took 0.007941 seconds .

========================================================================
Received Import Request.
  Time since last request: 7.995134 seconds.
  path: Assets/Scripts/EmptyAction.cs
  artifactKey: Guid(98509603168cbb24daab7091b06e9964) Importer(815301076,1909f56bfc062723c751e8b465ee728b)
Start importing Assets/Scripts/EmptyAction.cs using Guid(98509603168cbb24daab7091b06e9964) Importer(815301076,1909f56bfc062723c751e8b465ee728b)  -> (artifact id: '83ca80cc96774ea3909a3d6422ed6b51') in 0.004548 seconds 
  Import took 0.026361 seconds .

========================================================================
Received Import Request.
  Time since last request: 19.173647 seconds.
  path: Assets/Scripts/EmptyAction.cs
  artifactKey: Guid(98509603168cbb24daab7091b06e9964) Importer(815301076,1909f56bfc062723c751e8b465ee728b)
Start importing Assets/Scripts/EmptyAction.cs using Guid(98509603168cbb24daab7091b06e9964) Importer(815301076,1909f56bfc062723c751e8b465ee728b)  -> (artifact id: '7d9f269e4f251ed85c8d8a7434cb1a72') in 0.004645 seconds 
  Import took 0.023962 seconds .

========================================================================
Received Import Request.
  Time since last request: 56.955559 seconds.
  path: Assets/Scripts/iFSMState.cs
  artifactKey: Guid(0e2c689b820f29e498c5ee4ca2f084b7) Importer(815301076,1909f56bfc062723c751e8b465ee728b)
Start importing Assets/Scripts/iFSMState.cs using Guid(0e2c689b820f29e498c5ee4ca2f084b7) Importer(815301076,1909f56bfc062723c751e8b465ee728b)  -> (artifact id: 'd6233ea735c4fac7a2ede1792dfa6b80') in 0.004082 seconds 
  Import took 0.018077 seconds .

========================================================================
Received Import Request.
  Time since last request: 8.660212 seconds.
  path: Assets/Scripts/iFSMState.cs
  artifactKey: Guid(0e2c689b820f29e498c5ee4ca2f084b7) Importer(815301076,1909f56bfc062723c751e8b465ee728b)
Start importing Assets/Scripts/iFSMState.cs using Guid(0e2c689b820f29e498c5ee4ca2f084b7) Importer(815301076,1909f56bfc062723c751e8b465ee728b)  -> (artifact id: '609e1008cd484eac5a73984e6790a267') in 0.004146 seconds 
  Import took 0.024157 seconds .

========================================================================
Received Import Request.
  Time since last request: 17.159850 seconds.
  path: Assets/Scripts/iFSMState.cs
  artifactKey: Guid(0e2c689b820f29e498c5ee4ca2f084b7) Importer(815301076,1909f56bfc062723c751e8b465ee728b)
Start importing Assets/Scripts/iFSMState.cs using Guid(0e2c689b820f29e498c5ee4ca2f084b7) Importer(815301076,1909f56bfc062723c751e8b465ee728b)  -> (artifact id: 'b9fb46170d4d3a6761968d606c71284f') in 0.004377 seconds 
  Import took 0.008803 seconds .

========================================================================
Received Import Request.
  Time since last request: 20.614601 seconds.
  path: Assets/Scripts/FSM.cs
  artifactKey: Guid(1c77db5955e154146a0c87c23449de71) Importer(815301076,1909f56bfc062723c751e8b465ee728b)
Start importing Assets/Scripts/FSM.cs using Guid(1c77db5955e154146a0c87c23449de71) Importer(815301076,1909f56bfc062723c751e8b465ee728b)  -> (artifact id: '9756218b28e485eaf0aa7b0120c0aee0') in 0.011002 seconds 
  Import took 0.014712 seconds .

========================================================================
Received Import Request.
  Time since last request: 73.883132 seconds.
  path: Assets/Scripts/FSM.cs
  artifactKey: Guid(1c77db5955e154146a0c87c23449de71) Importer(815301076,1909f56bfc062723c751e8b465ee728b)
Start importing Assets/Scripts/FSM.cs using Guid(1c77db5955e154146a0c87c23449de71) Importer(815301076,1909f56bfc062723c751e8b465ee728b)  -> (artifact id: 'cd6a97f71e6821d2729afeb49a160ed6') in 0.003600 seconds 
  Import took 0.016383 seconds .

========================================================================
Received Import Request.
  Time since last request: 0.000469 seconds.
  path: Assets/Scripts/FSM.cs
  artifactKey: Guid(1c77db5955e154146a0c87c23449de71) Importer(815301076,1909f56bfc062723c751e8b465ee728b)
Start importing Assets/Scripts/FSM.cs using Guid(1c77db5955e154146a0c87c23449de71) Importer(815301076,1909f56bfc062723c751e8b465ee728b)  -> (artifact id: 'cd6a97f71e6821d2729afeb49a160ed6') in 0.002896 seconds 
  Import took 0.005899 seconds .

========================================================================
Received Import Request.
  Time since last request: 12.750976 seconds.
  path: Assets/Scripts/FSM.cs
  artifactKey: Guid(1c77db5955e154146a0c87c23449de71) Importer(815301076,1909f56bfc062723c751e8b465ee728b)
Start importing Assets/Scripts/FSM.cs using Guid(1c77db5955e154146a0c87c23449de71) Importer(815301076,1909f56bfc062723c751e8b465ee728b)  -> (artifact id: 'b0ebaf4bcaa04bd524a38b6f1959a19f') in 0.006677 seconds 
  Import took 0.010580 seconds .

========================================================================
Received Import Request.
  Time since last request: 7.724980 seconds.
  path: Assets/Scripts/FSM.cs
  artifactKey: Guid(1c77db5955e154146a0c87c23449de71) Importer(815301076,1909f56bfc062723c751e8b465ee728b)
Start importing Assets/Scripts/FSM.cs using Guid(1c77db5955e154146a0c87c23449de71) Importer(815301076,1909f56bfc062723c751e8b465ee728b)  -> (artifact id: '5b8ced3069bdc96c044098c9e1574616') in 0.007444 seconds 
  Import took 0.019733 seconds .

========================================================================
Received Import Request.
  Time since last request: 3.491738 seconds.
  path: Assets/Scripts/FSM.cs
  artifactKey: Guid(1c77db5955e154146a0c87c23449de71) Importer(815301076,1909f56bfc062723c751e8b465ee728b)
Start importing Assets/Scripts/FSM.cs using Guid(1c77db5955e154146a0c87c23449de71) Importer(815301076,1909f56bfc062723c751e8b465ee728b)  -> (artifact id: '63e33c5c5ec89f18116f333b76d58628') in 0.005968 seconds 
  Import took 0.009371 seconds .

========================================================================
Received Import Request.
  Time since last request: 19.112983 seconds.
  path: Assets/Scripts/FSM.cs
  artifactKey: Guid(1c77db5955e154146a0c87c23449de71) Importer(815301076,1909f56bfc062723c751e8b465ee728b)
Start importing Assets/Scripts/FSM.cs using Guid(1c77db5955e154146a0c87c23449de71) Importer(815301076,1909f56bfc062723c751e8b465ee728b)  -> (artifact id: 'b49e29b1c2d9d73ac38891fc085f8ff0') in 0.003475 seconds 
  Import took 0.006828 seconds .

========================================================================
Received Import Request.
  Time since last request: 81.345954 seconds.
  path: Assets/Scripts/FSM.cs
  artifactKey: Guid(1c77db5955e154146a0c87c23449de71) Importer(815301076,1909f56bfc062723c751e8b465ee728b)
Start importing Assets/Scripts/FSM.cs using Guid(1c77db5955e154146a0c87c23449de71) Importer(815301076,1909f56bfc062723c751e8b465ee728b)  -> (artifact id: '5ebd59a7fdb94a5c7c375cc2af0a1d53') in 0.004370 seconds 
  Import took 0.007477 seconds .

========================================================================
Received Import Request.
  Time since last request: 8.232155 seconds.
  path: Assets/Scripts/FSM.cs
  artifactKey: Guid(1c77db5955e154146a0c87c23449de71) Importer(815301076,1909f56bfc062723c751e8b465ee728b)
Start importing Assets/Scripts/FSM.cs using Guid(1c77db5955e154146a0c87c23449de71) Importer(815301076,1909f56bfc062723c751e8b465ee728b)  -> (artifact id: '83a633605070f5666e65006c42d46b6a') in 0.004691 seconds 
  Import took 0.008132 seconds .

AssetImportWorkerClient::OnTransportError - code=2 error=End of file
